<?xml version="1.0" encoding="UTF-8"?>
<!-- Generated by org.testng.reporters.JUnitReportReporter -->
<testsuite skipped="0" hostname="Vlad" name="testNG_Tests.TestNGDemo" tests="1" failures="0" timestamp="28 Jan 2020 21:49:31 GMT" time="0.160" errors="0">
  <testcase name="testAmazon" time="0.160" classname="testNG_Tests.TestNGDemo"/>
</testsuite> <!-- testNG_Tests.TestNGDemo -->
