<?xml version="1.0" encoding="UTF-8"?>
<!-- Generated by org.testng.reporters.JUnitReportReporter -->
<testsuite skipped="0" hostname="Vlad" name="PageObjModelTests.POM_Using_ConfigPropFile" tests="1" failures="0" timestamp="28 Jan 2020 21:47:27 GMT" time="14.170" errors="0">
  <testcase name="UseConfigProp" time="14.170" classname="PageObjModelTests.POM_Using_ConfigPropFile"/>
</testsuite> <!-- PageObjModelTests.POM_Using_ConfigPropFile -->
