<?xml version="1.0" encoding="UTF-8"?>
<!-- Generated by org.testng.reporters.JUnitReportReporter -->
<testsuite skipped="0" hostname="Vlad" name="PageObjModelTests.SimpleProperty" tests="1" failures="0" timestamp="28 Jan 2020 21:47:27 GMT" time="16.780" errors="0">
  <testcase name="propTest" time="16.780" classname="PageObjModelTests.SimpleProperty"/>
</testsuite> <!-- PageObjModelTests.SimpleProperty -->
