<?xml version="1.0" encoding="UTF-8"?>
<!-- Generated by org.testng.reporters.JUnitReportReporter -->
<testsuite skipped="0" hostname="Vlad" name="seleniumTests.day12_Impl_Expl_Th_Wait" tests="2" failures="0" timestamp="28 Jan 2020 21:47:27 GMT" time="31.207" errors="0">
  <testcase name="ImplicitWait" time="15.629" classname="seleniumTests.day12_Impl_Expl_Th_Wait"/>
  <testcase name="ExplicitWait" time="15.578" classname="seleniumTests.day12_Impl_Expl_Th_Wait"/>
</testsuite> <!-- seleniumTests.day12_Impl_Expl_Th_Wait -->
