<?xml version="1.0" encoding="UTF-8"?>
<!-- Generated by org.testng.reporters.JUnitReportReporter -->
<testsuite skipped="0" hostname="Vlad" name="TestNG.TestNGDemo" tests="1" failures="0" timestamp="27 Jan 2020 22:37:49 GMT" time="0.021" errors="0">
  <testcase name="testAmazon" time="0.021" classname="TestNG.TestNGDemo"/>
</testsuite> <!-- TestNG.TestNGDemo -->
