<?xml version="1.0" encoding="UTF-8"?>
<!-- Generated by org.testng.reporters.JUnitReportReporter -->
<testsuite skipped="0" hostname="Vlad" name="PageObjModelTests.LoginTestWithProperties" tests="1" failures="0" timestamp="28 Jan 2020 21:47:27 GMT" time="0.004" errors="0">
  <testcase name="readPropertiesTest" time="0.004" classname="PageObjModelTests.LoginTestWithProperties"/>
</testsuite> <!-- PageObjModelTests.LoginTestWithProperties -->
